<?xml version="1.0" encoding="UTF-8"?>
<!-- Generated by org.testng.reporters.JUnitReportReporter -->
<testsuite hostname="WLT-LE-M2-069" failures="0" tests="1" name="testing.Firstclass" time="62.254" errors="0" timestamp="2021-06-25T22:46:44 EDT" skipped="0">
  <testcase classname="testing.Firstclass" name="testlogo" time="62.254"/>
  <system-out/>
</testsuite> <!-- testing.Firstclass -->
