<?xml version="1.0" encoding="UTF-8"?>
<!-- Generated by org.testng.reporters.JUnitReportReporter -->
<testsuite hostname="WLT-LE-M2-069" failures="0" tests="2" name="testing.secondclass" time="12.801" errors="0" timestamp="2021-06-25T23:06:58 EDT" skipped="0">
  <testcase classname="testing.secondclass" name="imagess" time="6.269"/>
  <system-out/>
  <testcase classname="testing.secondclass" name="buttons" time="6.532"/>
  <system-out/>
</testsuite> <!-- testing.secondclass -->
